The system is: Linux - 4.4.0-18362-Microsoft - x86_64
Compiling the C compiler identification source file "CMakeCCompilerId.c" succeeded.
Compiler: /home/noone/projects/Chroma/cross/bin/x86_64-elf-gcc 
Build flags: 
Id flags: -c 

The output was:
0


Compilation of the C compiler identification source "CMakeCCompilerId.c" produced "CMakeCCompilerId.o"

The C compiler identification is GNU, found in "/home/noone/projects/Chroma/CMakeFiles/3.16.3/CompilerIdC/CMakeCCompilerId.o"

Compiling the CXX compiler identification source file "CMakeCXXCompilerId.cpp" succeeded.
Compiler: /usr/bin/c++ 
Build flags: 
Id flags:  

The output was:
0


Compilation of the CXX compiler identification source "CMakeCXXCompilerId.cpp" produced "a.out"

The CXX compiler identification is GNU, found in "/home/noone/projects/Chroma/CMakeFiles/3.16.3/CompilerIdCXX/a.out"

Compiling the C compiler identification source file "CMakeCCompilerId.c" succeeded.
Compiler: /home/noone/projects/Chroma/cross/bin/x86_64-elf-gcc 
Build flags: 
Id flags: -c 

The output was:
0


Compilation of the C compiler identification source "CMakeCCompilerId.c" produced "CMakeCCompilerId.o"

The C compiler identification is GNU, found in "/home/noone/projects/Chroma/CMakeFiles/3.16.3/CompilerIdC/CMakeCCompilerId.o"

Compiling the CXX compiler identification source file "CMakeCXXCompilerId.cpp" succeeded.
Compiler: /usr/bin/c++ 
Build flags: 
Id flags:  

The output was:
0


Compilation of the CXX compiler identification source "CMakeCXXCompilerId.cpp" produced "a.out"

The CXX compiler identification is GNU, found in "/home/noone/projects/Chroma/CMakeFiles/3.16.3/CompilerIdCXX/a.out"

Compiling the C compiler identification source file "CMakeCCompilerId.c" succeeded.
Compiler: /home/noone/projects/Chroma/cross/bin/x86_64-elf-gcc 
Build flags: 
Id flags: -c 

The output was:
0


Compilation of the C compiler identification source "CMakeCCompilerId.c" produced "CMakeCCompilerId.o"

The C compiler identification is GNU, found in "/home/noone/projects/Chroma/CMakeFiles/3.16.3/CompilerIdC/CMakeCCompilerId.o"

Compiling the CXX compiler identification source file "CMakeCXXCompilerId.cpp" succeeded.
Compiler: /usr/bin/c++ 
Build flags: 
Id flags:  

The output was:
0


Compilation of the CXX compiler identification source "CMakeCXXCompilerId.cpp" produced "a.out"

The CXX compiler identification is GNU, found in "/home/noone/projects/Chroma/CMakeFiles/3.16.3/CompilerIdCXX/a.out"

Determining if the C compiler works passed with the following output:
Change Dir: /home/noone/projects/Chroma/CMakeFiles/CMakeTmp

Run Build Command(s):/usr/bin/make cmTC_ab1aa/fast && /usr/bin/make -f CMakeFiles/cmTC_ab1aa.dir/build.make CMakeFiles/cmTC_ab1aa.dir/build
make[1]: Entering directory '/home/noone/projects/Chroma/CMakeFiles/CMakeTmp'
Building C object CMakeFiles/cmTC_ab1aa.dir/testCCompiler.c.o
/home/noone/projects/Chroma/cross/bin/x86_64-elf-gcc    -o CMakeFiles/cmTC_ab1aa.dir/testCCompiler.c.o   -c /home/noone/projects/Chroma/CMakeFiles/CMakeTmp/testCCompiler.c
Linking C static library libcmTC_ab1aa.a
/usr/bin/cmake -P CMakeFiles/cmTC_ab1aa.dir/cmake_clean_target.cmake
/usr/bin/cmake -E cmake_link_script CMakeFiles/cmTC_ab1aa.dir/link.txt --verbose=1
/usr/bin/ar qc libcmTC_ab1aa.a  CMakeFiles/cmTC_ab1aa.dir/testCCompiler.c.o
/usr/bin/ranlib libcmTC_ab1aa.a
make[1]: Leaving directory '/home/noone/projects/Chroma/CMakeFiles/CMakeTmp'



Detecting C compiler ABI info compiled with the following output:
Change Dir: /home/noone/projects/Chroma/CMakeFiles/CMakeTmp

Run Build Command(s):/usr/bin/make cmTC_00744/fast && /usr/bin/make -f CMakeFiles/cmTC_00744.dir/build.make CMakeFiles/cmTC_00744.dir/build
make[1]: Entering directory '/home/noone/projects/Chroma/CMakeFiles/CMakeTmp'
Building C object CMakeFiles/cmTC_00744.dir/CMakeCCompilerABI.c.o
/home/noone/projects/Chroma/cross/bin/x86_64-elf-gcc   -v -o CMakeFiles/cmTC_00744.dir/CMakeCCompilerABI.c.o   -c /usr/share/cmake-3.16/Modules/CMakeCCompilerABI.c
Using built-in specs.
COLLECT_GCC=/home/noone/projects/Chroma/cross/bin/x86_64-elf-gcc
Target: x86_64-elf
Configured with: ../gcc-9.2.0/configure --target=x86_64-elf --prefix=/home/guinevere/opt/cross --disable-nls --enable-languages=c,c++ --without-headers
Thread model: single
gcc version 9.2.0 (GCC) 
COLLECT_GCC_OPTIONS='-v' '-o' 'CMakeFiles/cmTC_00744.dir/CMakeCCompilerABI.c.o' '-c' '-mtune=generic' '-march=x86-64'
 /home/noone/projects/Chroma/cross/bin/../libexec/gcc/x86_64-elf/9.2.0/cc1 -quiet -v -iprefix /home/noone/projects/Chroma/cross/bin/../lib/gcc/x86_64-elf/9.2.0/ /usr/share/cmake-3.16/Modules/CMakeCCompilerABI.c -quiet -dumpbase CMakeCCompilerABI.c -mtune=generic -march=x86-64 -auxbase-strip CMakeFiles/cmTC_00744.dir/CMakeCCompilerABI.c.o -version -o /tmp/cc6ie5SE.s
GNU C17 (GCC) version 9.2.0 (x86_64-elf)
	compiled by GNU C version 9.2.0, GMP version 6.1.2, MPFR version 4.0.2, MPC version 1.1.0, isl version none
warning: GMP header version 6.1.2 differs from library version 6.2.0.
GGC heuristics: --param ggc-min-expand=100 --param ggc-min-heapsize=131072
ignoring nonexistent directory "/home/noone/projects/Chroma/cross/bin/../lib/gcc/x86_64-elf/9.2.0/../../../../x86_64-elf/sys-include"
ignoring nonexistent directory "/home/noone/projects/Chroma/cross/bin/../lib/gcc/x86_64-elf/9.2.0/../../../../x86_64-elf/include"
ignoring duplicate directory "/home/noone/projects/Chroma/cross/bin/../lib/gcc/../../lib/gcc/x86_64-elf/9.2.0/include"
ignoring duplicate directory "/home/noone/projects/Chroma/cross/bin/../lib/gcc/../../lib/gcc/x86_64-elf/9.2.0/include-fixed"
ignoring nonexistent directory "/home/noone/projects/Chroma/cross/bin/../lib/gcc/../../lib/gcc/x86_64-elf/9.2.0/../../../../x86_64-elf/sys-include"
ignoring nonexistent directory "/home/noone/projects/Chroma/cross/bin/../lib/gcc/../../lib/gcc/x86_64-elf/9.2.0/../../../../x86_64-elf/include"
#include "..." search starts here:
#include <...> search starts here:
 /home/noone/projects/Chroma/cross/bin/../lib/gcc/x86_64-elf/9.2.0/include
 /home/noone/projects/Chroma/cross/bin/../lib/gcc/x86_64-elf/9.2.0/include-fixed
End of search list.
GNU C17 (GCC) version 9.2.0 (x86_64-elf)
	compiled by GNU C version 9.2.0, GMP version 6.1.2, MPFR version 4.0.2, MPC version 1.1.0, isl version none
warning: GMP header version 6.1.2 differs from library version 6.2.0.
GGC heuristics: --param ggc-min-expand=100 --param ggc-min-heapsize=131072
Compiler executable checksum: abc51d328c11c72d0f2fdb6c1feb213c
COLLECT_GCC_OPTIONS='-v' '-o' 'CMakeFiles/cmTC_00744.dir/CMakeCCompilerABI.c.o' '-c' '-mtune=generic' '-march=x86-64'
 /home/noone/projects/Chroma/cross/bin/../lib/gcc/x86_64-elf/9.2.0/../../../../x86_64-elf/bin/as -o CMakeFiles/cmTC_00744.dir/CMakeCCompilerABI.c.o /tmp/cc6ie5SE.s
COMPILER_PATH=/home/noone/projects/Chroma/cross/bin/../libexec/gcc/x86_64-elf/9.2.0/:/home/noone/projects/Chroma/cross/bin/../libexec/gcc/:/home/noone/projects/Chroma/cross/bin/../lib/gcc/x86_64-elf/9.2.0/../../../../x86_64-elf/bin/
LIBRARY_PATH=/home/noone/projects/Chroma/cross/bin/../lib/gcc/x86_64-elf/9.2.0/:/home/noone/projects/Chroma/cross/bin/../lib/gcc/:/home/noone/projects/Chroma/cross/bin/../lib/gcc/x86_64-elf/9.2.0/../../../../x86_64-elf/lib/
COLLECT_GCC_OPTIONS='-v' '-o' 'CMakeFiles/cmTC_00744.dir/CMakeCCompilerABI.c.o' '-c' '-mtune=generic' '-march=x86-64'
Linking C static library libcmTC_00744.a
/usr/bin/cmake -P CMakeFiles/cmTC_00744.dir/cmake_clean_target.cmake
/usr/bin/cmake -E cmake_link_script CMakeFiles/cmTC_00744.dir/link.txt --verbose=1
/usr/bin/ar qc libcmTC_00744.a  CMakeFiles/cmTC_00744.dir/CMakeCCompilerABI.c.o
/usr/bin/ranlib libcmTC_00744.a
make[1]: Leaving directory '/home/noone/projects/Chroma/CMakeFiles/CMakeTmp'



Parsed C implicit include dir info from above output: rv=done
  found start of include info
  found start of implicit include info
    add: [/home/noone/projects/Chroma/cross/bin/../lib/gcc/x86_64-elf/9.2.0/include]
    add: [/home/noone/projects/Chroma/cross/bin/../lib/gcc/x86_64-elf/9.2.0/include-fixed]
  end of search list found
  collapse include dir [/home/noone/projects/Chroma/cross/bin/../lib/gcc/x86_64-elf/9.2.0/include] ==> [/home/noone/projects/Chroma/cross/lib/gcc/x86_64-elf/9.2.0/include]
  collapse include dir [/home/noone/projects/Chroma/cross/bin/../lib/gcc/x86_64-elf/9.2.0/include-fixed] ==> [/home/noone/projects/Chroma/cross/lib/gcc/x86_64-elf/9.2.0/include-fixed]
  implicit include dirs: [/home/noone/projects/Chroma/cross/lib/gcc/x86_64-elf/9.2.0/include;/home/noone/projects/Chroma/cross/lib/gcc/x86_64-elf/9.2.0/include-fixed]


Parsed C implicit link information from above output:
  link line regex: [^( *|.*[/\])(ld|CMAKE_LINK_STARTFILE-NOTFOUND|([^/\]+-)?ld|collect2)[^/\]*( |$)]
  ignore line: [Change Dir: /home/noone/projects/Chroma/CMakeFiles/CMakeTmp]
  ignore line: []
  ignore line: [Run Build Command(s):/usr/bin/make cmTC_00744/fast && /usr/bin/make -f CMakeFiles/cmTC_00744.dir/build.make CMakeFiles/cmTC_00744.dir/build]
  ignore line: [make[1]: Entering directory '/home/noone/projects/Chroma/CMakeFiles/CMakeTmp']
  ignore line: [Building C object CMakeFiles/cmTC_00744.dir/CMakeCCompilerABI.c.o]
  ignore line: [/home/noone/projects/Chroma/cross/bin/x86_64-elf-gcc   -v -o CMakeFiles/cmTC_00744.dir/CMakeCCompilerABI.c.o   -c /usr/share/cmake-3.16/Modules/CMakeCCompilerABI.c]
  ignore line: [Using built-in specs.]
  ignore line: [COLLECT_GCC=/home/noone/projects/Chroma/cross/bin/x86_64-elf-gcc]
  ignore line: [Target: x86_64-elf]
  ignore line: [Configured with: ../gcc-9.2.0/configure --target=x86_64-elf --prefix=/home/guinevere/opt/cross --disable-nls --enable-languages=c c++ --without-headers]
  ignore line: [Thread model: single]
  ignore line: [gcc version 9.2.0 (GCC) ]
  ignore line: [COLLECT_GCC_OPTIONS='-v' '-o' 'CMakeFiles/cmTC_00744.dir/CMakeCCompilerABI.c.o' '-c' '-mtune=generic' '-march=x86-64']
  ignore line: [ /home/noone/projects/Chroma/cross/bin/../libexec/gcc/x86_64-elf/9.2.0/cc1 -quiet -v -iprefix /home/noone/projects/Chroma/cross/bin/../lib/gcc/x86_64-elf/9.2.0/ /usr/share/cmake-3.16/Modules/CMakeCCompilerABI.c -quiet -dumpbase CMakeCCompilerABI.c -mtune=generic -march=x86-64 -auxbase-strip CMakeFiles/cmTC_00744.dir/CMakeCCompilerABI.c.o -version -o /tmp/cc6ie5SE.s]
  ignore line: [GNU C17 (GCC) version 9.2.0 (x86_64-elf)]
  ignore line: [	compiled by GNU C version 9.2.0  GMP version 6.1.2  MPFR version 4.0.2  MPC version 1.1.0  isl version none]
  ignore line: [warning: GMP header version 6.1.2 differs from library version 6.2.0.]
  ignore line: [GGC heuristics: --param ggc-min-expand=100 --param ggc-min-heapsize=131072]
  ignore line: [ignoring nonexistent directory "/home/noone/projects/Chroma/cross/bin/../lib/gcc/x86_64-elf/9.2.0/../../../../x86_64-elf/sys-include"]
  ignore line: [ignoring nonexistent directory "/home/noone/projects/Chroma/cross/bin/../lib/gcc/x86_64-elf/9.2.0/../../../../x86_64-elf/include"]
  ignore line: [ignoring duplicate directory "/home/noone/projects/Chroma/cross/bin/../lib/gcc/../../lib/gcc/x86_64-elf/9.2.0/include"]
  ignore line: [ignoring duplicate directory "/home/noone/projects/Chroma/cross/bin/../lib/gcc/../../lib/gcc/x86_64-elf/9.2.0/include-fixed"]
  ignore line: [ignoring nonexistent directory "/home/noone/projects/Chroma/cross/bin/../lib/gcc/../../lib/gcc/x86_64-elf/9.2.0/../../../../x86_64-elf/sys-include"]
  ignore line: [ignoring nonexistent directory "/home/noone/projects/Chroma/cross/bin/../lib/gcc/../../lib/gcc/x86_64-elf/9.2.0/../../../../x86_64-elf/include"]
  ignore line: [#include "..." search starts here:]
  ignore line: [#include <...> search starts here:]
  ignore line: [ /home/noone/projects/Chroma/cross/bin/../lib/gcc/x86_64-elf/9.2.0/include]
  ignore line: [ /home/noone/projects/Chroma/cross/bin/../lib/gcc/x86_64-elf/9.2.0/include-fixed]
  ignore line: [End of search list.]
  ignore line: [GNU C17 (GCC) version 9.2.0 (x86_64-elf)]
  ignore line: [	compiled by GNU C version 9.2.0  GMP version 6.1.2  MPFR version 4.0.2  MPC version 1.1.0  isl version none]
  ignore line: [warning: GMP header version 6.1.2 differs from library version 6.2.0.]
  ignore line: [GGC heuristics: --param ggc-min-expand=100 --param ggc-min-heapsize=131072]
  ignore line: [Compiler executable checksum: abc51d328c11c72d0f2fdb6c1feb213c]
  ignore line: [COLLECT_GCC_OPTIONS='-v' '-o' 'CMakeFiles/cmTC_00744.dir/CMakeCCompilerABI.c.o' '-c' '-mtune=generic' '-march=x86-64']
  ignore line: [ /home/noone/projects/Chroma/cross/bin/../lib/gcc/x86_64-elf/9.2.0/../../../../x86_64-elf/bin/as -o CMakeFiles/cmTC_00744.dir/CMakeCCompilerABI.c.o /tmp/cc6ie5SE.s]
  ignore line: [COMPILER_PATH=/home/noone/projects/Chroma/cross/bin/../libexec/gcc/x86_64-elf/9.2.0/:/home/noone/projects/Chroma/cross/bin/../libexec/gcc/:/home/noone/projects/Chroma/cross/bin/../lib/gcc/x86_64-elf/9.2.0/../../../../x86_64-elf/bin/]
  ignore line: [LIBRARY_PATH=/home/noone/projects/Chroma/cross/bin/../lib/gcc/x86_64-elf/9.2.0/:/home/noone/projects/Chroma/cross/bin/../lib/gcc/:/home/noone/projects/Chroma/cross/bin/../lib/gcc/x86_64-elf/9.2.0/../../../../x86_64-elf/lib/]
  ignore line: [COLLECT_GCC_OPTIONS='-v' '-o' 'CMakeFiles/cmTC_00744.dir/CMakeCCompilerABI.c.o' '-c' '-mtune=generic' '-march=x86-64']
  ignore line: [Linking C static library libcmTC_00744.a]
  ignore line: [/usr/bin/cmake -P CMakeFiles/cmTC_00744.dir/cmake_clean_target.cmake]
  ignore line: [/usr/bin/cmake -E cmake_link_script CMakeFiles/cmTC_00744.dir/link.txt --verbose=1]
  ignore line: [/usr/bin/ar qc libcmTC_00744.a  CMakeFiles/cmTC_00744.dir/CMakeCCompilerABI.c.o]
  ignore line: [/usr/bin/ranlib libcmTC_00744.a]
  ignore line: [make[1]: Leaving directory '/home/noone/projects/Chroma/CMakeFiles/CMakeTmp']
  ignore line: []
  ignore line: []
  implicit libs: []
  implicit dirs: []
  implicit fwks: []


Determining if the CXX compiler works passed with the following output:
Change Dir: /home/noone/projects/Chroma/CMakeFiles/CMakeTmp

Run Build Command(s):/usr/bin/make cmTC_39c58/fast && /usr/bin/make -f CMakeFiles/cmTC_39c58.dir/build.make CMakeFiles/cmTC_39c58.dir/build
make[1]: Entering directory '/home/noone/projects/Chroma/CMakeFiles/CMakeTmp'
Building CXX object CMakeFiles/cmTC_39c58.dir/testCXXCompiler.cxx.o
/usr/bin/c++     -o CMakeFiles/cmTC_39c58.dir/testCXXCompiler.cxx.o -c /home/noone/projects/Chroma/CMakeFiles/CMakeTmp/testCXXCompiler.cxx
Linking CXX static library libcmTC_39c58.a
/usr/bin/cmake -P CMakeFiles/cmTC_39c58.dir/cmake_clean_target.cmake
/usr/bin/cmake -E cmake_link_script CMakeFiles/cmTC_39c58.dir/link.txt --verbose=1
/usr/bin/ar qc libcmTC_39c58.a  CMakeFiles/cmTC_39c58.dir/testCXXCompiler.cxx.o
/usr/bin/ranlib libcmTC_39c58.a
make[1]: Leaving directory '/home/noone/projects/Chroma/CMakeFiles/CMakeTmp'



Detecting CXX compiler ABI info compiled with the following output:
Change Dir: /home/noone/projects/Chroma/CMakeFiles/CMakeTmp

Run Build Command(s):/usr/bin/make cmTC_cf5c5/fast && /usr/bin/make -f CMakeFiles/cmTC_cf5c5.dir/build.make CMakeFiles/cmTC_cf5c5.dir/build
make[1]: Entering directory '/home/noone/projects/Chroma/CMakeFiles/CMakeTmp'
Building CXX object CMakeFiles/cmTC_cf5c5.dir/CMakeCXXCompilerABI.cpp.o
/usr/bin/c++    -v -o CMakeFiles/cmTC_cf5c5.dir/CMakeCXXCompilerABI.cpp.o -c /usr/share/cmake-3.16/Modules/CMakeCXXCompilerABI.cpp
Using built-in specs.
COLLECT_GCC=/usr/bin/c++
OFFLOAD_TARGET_NAMES=nvptx-none:hsa
OFFLOAD_TARGET_DEFAULT=1
Target: x86_64-linux-gnu
Configured with: ../src/configure -v --with-pkgversion='Ubuntu 9.3.0-10ubuntu2' --with-bugurl=file:///usr/share/doc/gcc-9/README.Bugs --enable-languages=c,ada,c++,go,brig,d,fortran,objc,obj-c++,gm2 --prefix=/usr --with-gcc-major-version-only --program-suffix=-9 --program-prefix=x86_64-linux-gnu- --enable-shared --enable-linker-build-id --libexecdir=/usr/lib --without-included-gettext --enable-threads=posix --libdir=/usr/lib --enable-nls --enable-clocale=gnu --enable-libstdcxx-debug --enable-libstdcxx-time=yes --with-default-libstdcxx-abi=new --enable-gnu-unique-object --disable-vtable-verify --enable-plugin --enable-default-pie --with-system-zlib --with-target-system-zlib=auto --enable-objc-gc=auto --enable-multiarch --disable-werror --with-arch-32=i686 --with-abi=m64 --with-multilib-list=m32,m64,mx32 --enable-multilib --with-tune=generic --enable-offload-targets=nvptx-none,hsa --without-cuda-driver --enable-checking=release --build=x86_64-linux-gnu --host=x86_64-linux-gnu --target=x86_64-linux-gnu
Thread model: posix
gcc version 9.3.0 (Ubuntu 9.3.0-10ubuntu2) 
COLLECT_GCC_OPTIONS='-v' '-o' 'CMakeFiles/cmTC_cf5c5.dir/CMakeCXXCompilerABI.cpp.o' '-c' '-shared-libgcc' '-mtune=generic' '-march=x86-64'
 /usr/lib/gcc/x86_64-linux-gnu/9/cc1plus -quiet -v -imultiarch x86_64-linux-gnu -D_GNU_SOURCE /usr/share/cmake-3.16/Modules/CMakeCXXCompilerABI.cpp -quiet -dumpbase CMakeCXXCompilerABI.cpp -mtune=generic -march=x86-64 -auxbase-strip CMakeFiles/cmTC_cf5c5.dir/CMakeCXXCompilerABI.cpp.o -version -fasynchronous-unwind-tables -fstack-protector-strong -Wformat -Wformat-security -fstack-clash-protection -fcf-protection -o /tmp/ccVPEqCC.s
GNU C++14 (Ubuntu 9.3.0-10ubuntu2) version 9.3.0 (x86_64-linux-gnu)
	compiled by GNU C version 9.3.0, GMP version 6.2.0, MPFR version 4.0.2, MPC version 1.1.0, isl version isl-0.22.1-GMP

GGC heuristics: --param ggc-min-expand=100 --param ggc-min-heapsize=131072
ignoring duplicate directory "/usr/include/x86_64-linux-gnu/c++/9"
ignoring nonexistent directory "/usr/local/include/x86_64-linux-gnu"
ignoring nonexistent directory "/usr/lib/gcc/x86_64-linux-gnu/9/include-fixed"
ignoring nonexistent directory "/usr/lib/gcc/x86_64-linux-gnu/9/../../../../x86_64-linux-gnu/include"
#include "..." search starts here:
#include <...> search starts here:
 /usr/include/c++/9
 /usr/include/x86_64-linux-gnu/c++/9
 /usr/include/c++/9/backward
 /usr/lib/gcc/x86_64-linux-gnu/9/include
 /usr/local/include
 /usr/include/x86_64-linux-gnu
 /usr/include
End of search list.
GNU C++14 (Ubuntu 9.3.0-10ubuntu2) version 9.3.0 (x86_64-linux-gnu)
	compiled by GNU C version 9.3.0, GMP version 6.2.0, MPFR version 4.0.2, MPC version 1.1.0, isl version isl-0.22.1-GMP

GGC heuristics: --param ggc-min-expand=100 --param ggc-min-heapsize=131072
Compiler executable checksum: a3d04a02fbd98a786d710618ca593f02
COLLECT_GCC_OPTIONS='-v' '-o' 'CMakeFiles/cmTC_cf5c5.dir/CMakeCXXCompilerABI.cpp.o' '-c' '-shared-libgcc' '-mtune=generic' '-march=x86-64'
 as -v --64 -o CMakeFiles/cmTC_cf5c5.dir/CMakeCXXCompilerABI.cpp.o /tmp/ccVPEqCC.s
GNU assembler version 2.34 (x86_64-linux-gnu) using BFD version (GNU Binutils for Ubuntu) 2.34
COMPILER_PATH=/usr/lib/gcc/x86_64-linux-gnu/9/:/usr/lib/gcc/x86_64-linux-gnu/9/:/usr/lib/gcc/x86_64-linux-gnu/:/usr/lib/gcc/x86_64-linux-gnu/9/:/usr/lib/gcc/x86_64-linux-gnu/
LIBRARY_PATH=/usr/lib/gcc/x86_64-linux-gnu/9/:/usr/lib/gcc/x86_64-linux-gnu/9/../../../x86_64-linux-gnu/:/usr/lib/gcc/x86_64-linux-gnu/9/../../../../lib/:/lib/x86_64-linux-gnu/:/lib/../lib/:/usr/lib/x86_64-linux-gnu/:/usr/lib/../lib/:/usr/lib/gcc/x86_64-linux-gnu/9/../../../:/lib/:/usr/lib/
COLLECT_GCC_OPTIONS='-v' '-o' 'CMakeFiles/cmTC_cf5c5.dir/CMakeCXXCompilerABI.cpp.o' '-c' '-shared-libgcc' '-mtune=generic' '-march=x86-64'
Linking CXX static library libcmTC_cf5c5.a
/usr/bin/cmake -P CMakeFiles/cmTC_cf5c5.dir/cmake_clean_target.cmake
/usr/bin/cmake -E cmake_link_script CMakeFiles/cmTC_cf5c5.dir/link.txt --verbose=1
/usr/bin/ar qc libcmTC_cf5c5.a  CMakeFiles/cmTC_cf5c5.dir/CMakeCXXCompilerABI.cpp.o
/usr/bin/ranlib libcmTC_cf5c5.a
make[1]: Leaving directory '/home/noone/projects/Chroma/CMakeFiles/CMakeTmp'



Parsed CXX implicit include dir info from above output: rv=done
  found start of include info
  found start of implicit include info
    add: [/usr/include/c++/9]
    add: [/usr/include/x86_64-linux-gnu/c++/9]
    add: [/usr/include/c++/9/backward]
    add: [/usr/lib/gcc/x86_64-linux-gnu/9/include]
    add: [/usr/local/include]
    add: [/usr/include/x86_64-linux-gnu]
    add: [/usr/include]
  end of search list found
  collapse include dir [/usr/include/c++/9] ==> [/usr/include/c++/9]
  collapse include dir [/usr/include/x86_64-linux-gnu/c++/9] ==> [/usr/include/x86_64-linux-gnu/c++/9]
  collapse include dir [/usr/include/c++/9/backward] ==> [/usr/include/c++/9/backward]
  collapse include dir [/usr/lib/gcc/x86_64-linux-gnu/9/include] ==> [/usr/lib/gcc/x86_64-linux-gnu/9/include]
  collapse include dir [/usr/local/include] ==> [/usr/local/include]
  collapse include dir [/usr/include/x86_64-linux-gnu] ==> [/usr/include/x86_64-linux-gnu]
  collapse include dir [/usr/include] ==> [/usr/include]
  implicit include dirs: [/usr/include/c++/9;/usr/include/x86_64-linux-gnu/c++/9;/usr/include/c++/9/backward;/usr/lib/gcc/x86_64-linux-gnu/9/include;/usr/local/include;/usr/include/x86_64-linux-gnu;/usr/include]


Parsed CXX implicit link information from above output:
  link line regex: [^( *|.*[/\])(ld|CMAKE_LINK_STARTFILE-NOTFOUND|([^/\]+-)?ld|collect2)[^/\]*( |$)]
  ignore line: [Change Dir: /home/noone/projects/Chroma/CMakeFiles/CMakeTmp]
  ignore line: []
  ignore line: [Run Build Command(s):/usr/bin/make cmTC_cf5c5/fast && /usr/bin/make -f CMakeFiles/cmTC_cf5c5.dir/build.make CMakeFiles/cmTC_cf5c5.dir/build]
  ignore line: [make[1]: Entering directory '/home/noone/projects/Chroma/CMakeFiles/CMakeTmp']
  ignore line: [Building CXX object CMakeFiles/cmTC_cf5c5.dir/CMakeCXXCompilerABI.cpp.o]
  ignore line: [/usr/bin/c++    -v -o CMakeFiles/cmTC_cf5c5.dir/CMakeCXXCompilerABI.cpp.o -c /usr/share/cmake-3.16/Modules/CMakeCXXCompilerABI.cpp]
  ignore line: [Using built-in specs.]
  ignore line: [COLLECT_GCC=/usr/bin/c++]
  ignore line: [OFFLOAD_TARGET_NAMES=nvptx-none:hsa]
  ignore line: [OFFLOAD_TARGET_DEFAULT=1]
  ignore line: [Target: x86_64-linux-gnu]
  ignore line: [Configured with: ../src/configure -v --with-pkgversion='Ubuntu 9.3.0-10ubuntu2' --with-bugurl=file:///usr/share/doc/gcc-9/README.Bugs --enable-languages=c ada c++ go brig d fortran objc obj-c++ gm2 --prefix=/usr --with-gcc-major-version-only --program-suffix=-9 --program-prefix=x86_64-linux-gnu- --enable-shared --enable-linker-build-id --libexecdir=/usr/lib --without-included-gettext --enable-threads=posix --libdir=/usr/lib --enable-nls --enable-clocale=gnu --enable-libstdcxx-debug --enable-libstdcxx-time=yes --with-default-libstdcxx-abi=new --enable-gnu-unique-object --disable-vtable-verify --enable-plugin --enable-default-pie --with-system-zlib --with-target-system-zlib=auto --enable-objc-gc=auto --enable-multiarch --disable-werror --with-arch-32=i686 --with-abi=m64 --with-multilib-list=m32 m64 mx32 --enable-multilib --with-tune=generic --enable-offload-targets=nvptx-none hsa --without-cuda-driver --enable-checking=release --build=x86_64-linux-gnu --host=x86_64-linux-gnu --target=x86_64-linux-gnu]
  ignore line: [Thread model: posix]
  ignore line: [gcc version 9.3.0 (Ubuntu 9.3.0-10ubuntu2) ]
  ignore line: [COLLECT_GCC_OPTIONS='-v' '-o' 'CMakeFiles/cmTC_cf5c5.dir/CMakeCXXCompilerABI.cpp.o' '-c' '-shared-libgcc' '-mtune=generic' '-march=x86-64']
  ignore line: [ /usr/lib/gcc/x86_64-linux-gnu/9/cc1plus -quiet -v -imultiarch x86_64-linux-gnu -D_GNU_SOURCE /usr/share/cmake-3.16/Modules/CMakeCXXCompilerABI.cpp -quiet -dumpbase CMakeCXXCompilerABI.cpp -mtune=generic -march=x86-64 -auxbase-strip CMakeFiles/cmTC_cf5c5.dir/CMakeCXXCompilerABI.cpp.o -version -fasynchronous-unwind-tables -fstack-protector-strong -Wformat -Wformat-security -fstack-clash-protection -fcf-protection -o /tmp/ccVPEqCC.s]
  ignore line: [GNU C++14 (Ubuntu 9.3.0-10ubuntu2) version 9.3.0 (x86_64-linux-gnu)]
  ignore line: [	compiled by GNU C version 9.3.0  GMP version 6.2.0  MPFR version 4.0.2  MPC version 1.1.0  isl version isl-0.22.1-GMP]
  ignore line: []
  ignore line: [GGC heuristics: --param ggc-min-expand=100 --param ggc-min-heapsize=131072]
  ignore line: [ignoring duplicate directory "/usr/include/x86_64-linux-gnu/c++/9"]
  ignore line: [ignoring nonexistent directory "/usr/local/include/x86_64-linux-gnu"]
  ignore line: [ignoring nonexistent directory "/usr/lib/gcc/x86_64-linux-gnu/9/include-fixed"]
  ignore line: [ignoring nonexistent directory "/usr/lib/gcc/x86_64-linux-gnu/9/../../../../x86_64-linux-gnu/include"]
  ignore line: [#include "..." search starts here:]
  ignore line: [#include <...> search starts here:]
  ignore line: [ /usr/include/c++/9]
  ignore line: [ /usr/include/x86_64-linux-gnu/c++/9]
  ignore line: [ /usr/include/c++/9/backward]
  ignore line: [ /usr/lib/gcc/x86_64-linux-gnu/9/include]
  ignore line: [ /usr/local/include]
  ignore line: [ /usr/include/x86_64-linux-gnu]
  ignore line: [ /usr/include]
  ignore line: [End of search list.]
  ignore line: [GNU C++14 (Ubuntu 9.3.0-10ubuntu2) version 9.3.0 (x86_64-linux-gnu)]
  ignore line: [	compiled by GNU C version 9.3.0  GMP version 6.2.0  MPFR version 4.0.2  MPC version 1.1.0  isl version isl-0.22.1-GMP]
  ignore line: []
  ignore line: [GGC heuristics: --param ggc-min-expand=100 --param ggc-min-heapsize=131072]
  ignore line: [Compiler executable checksum: a3d04a02fbd98a786d710618ca593f02]
  ignore line: [COLLECT_GCC_OPTIONS='-v' '-o' 'CMakeFiles/cmTC_cf5c5.dir/CMakeCXXCompilerABI.cpp.o' '-c' '-shared-libgcc' '-mtune=generic' '-march=x86-64']
  ignore line: [ as -v --64 -o CMakeFiles/cmTC_cf5c5.dir/CMakeCXXCompilerABI.cpp.o /tmp/ccVPEqCC.s]
  ignore line: [GNU assembler version 2.34 (x86_64-linux-gnu) using BFD version (GNU Binutils for Ubuntu) 2.34]
  ignore line: [COMPILER_PATH=/usr/lib/gcc/x86_64-linux-gnu/9/:/usr/lib/gcc/x86_64-linux-gnu/9/:/usr/lib/gcc/x86_64-linux-gnu/:/usr/lib/gcc/x86_64-linux-gnu/9/:/usr/lib/gcc/x86_64-linux-gnu/]
  ignore line: [LIBRARY_PATH=/usr/lib/gcc/x86_64-linux-gnu/9/:/usr/lib/gcc/x86_64-linux-gnu/9/../../../x86_64-linux-gnu/:/usr/lib/gcc/x86_64-linux-gnu/9/../../../../lib/:/lib/x86_64-linux-gnu/:/lib/../lib/:/usr/lib/x86_64-linux-gnu/:/usr/lib/../lib/:/usr/lib/gcc/x86_64-linux-gnu/9/../../../:/lib/:/usr/lib/]
  ignore line: [COLLECT_GCC_OPTIONS='-v' '-o' 'CMakeFiles/cmTC_cf5c5.dir/CMakeCXXCompilerABI.cpp.o' '-c' '-shared-libgcc' '-mtune=generic' '-march=x86-64']
  ignore line: [Linking CXX static library libcmTC_cf5c5.a]
  ignore line: [/usr/bin/cmake -P CMakeFiles/cmTC_cf5c5.dir/cmake_clean_target.cmake]
  ignore line: [/usr/bin/cmake -E cmake_link_script CMakeFiles/cmTC_cf5c5.dir/link.txt --verbose=1]
  ignore line: [/usr/bin/ar qc libcmTC_cf5c5.a  CMakeFiles/cmTC_cf5c5.dir/CMakeCXXCompilerABI.cpp.o]
  ignore line: [/usr/bin/ranlib libcmTC_cf5c5.a]
  ignore line: [make[1]: Leaving directory '/home/noone/projects/Chroma/CMakeFiles/CMakeTmp']
  ignore line: []
  ignore line: []
  implicit libs: []
  implicit dirs: []
  implicit fwks: []


